<?xml version="1.0" encoding="UTF-8"?>
<!-- Generated by org.testng.reporters.JUnitXMLReporter -->
<testsuite hostname="PC10356" name="Register Test" tests="1" failures="1" timestamp="4 Feb 2016 21:53:17 GMT" time="14.586" errors="0">
  <testcase name="invalidRegisterTest" time="7.501" classname="com.catalyst.springboot.selenium.test.RegisterTest">
    <failure type="java.lang.NullPointerException">
      <![CDATA[java.lang.NullPointerException
	at com.catalyst.springboot.selenium.modal.RegisterPage.validateRegister(RegisterPage.java:50)
	at com.catalyst.springboot.selenium.modal.RegisterPage.registerfunctionality(RegisterPage.java:35)
	at com.catalyst.springboot.selenium.test.RegisterTest.invalidRegisterTest(RegisterTest.java:61)
	at java.util.concurrent.FutureTask.run(FutureTask.java:266)
	at java.util.concurrent.ThreadPoolExecutor.runWorker(ThreadPoolExecutor.java:1142)
	at java.util.concurrent.ThreadPoolExecutor$Worker.run(ThreadPoolExecutor.java:617)
	at java.lang.Thread.run(Thread.java:745)
... Removed 16 stack frames]]>
    </failure>
  </testcase> <!-- invalidRegisterTest -->
</testsuite> <!-- Register Test -->
