<?xml version="1.0" encoding="UTF-8"?>
<testng-results skipped="0" failed="0" total="3" passed="3">
  <reporter-output>
  </reporter-output>
  <suite name="Default suite" duration-ms="14468" started-at="2016-02-01T17:10:42Z" finished-at="2016-02-01T17:10:57Z">
    <groups>
    </groups>
    <test name="Default test" duration-ms="14468" started-at="2016-02-01T17:10:42Z" finished-at="2016-02-01T17:10:57Z">
      <class name="com.catalyst.springboot.security.LoginSeleniumTest">
        <test-method status="PASS" signature="LoginFailure()[pri:0, instance:com.catalyst.springboot.security.LoginSeleniumTest@39fb3ab6]" name="LoginFailure" duration-ms="11688" started-at="2016-02-01T09:10:42Z" finished-at="2016-02-01T09:10:54Z">
          <reporter-output>
          </reporter-output>
        </test-method> <!-- LoginFailure -->
        <test-method status="PASS" signature="LoginPageTest()[pri:0, instance:com.catalyst.springboot.security.LoginSeleniumTest@39fb3ab6]" name="LoginPageTest" duration-ms="189" started-at="2016-02-01T09:10:54Z" finished-at="2016-02-01T09:10:54Z">
          <reporter-output>
          </reporter-output>
        </test-method> <!-- LoginPageTest -->
        <test-method status="PASS" signature="LoginSuccess()[pri:0, instance:com.catalyst.springboot.security.LoginSeleniumTest@39fb3ab6]" name="LoginSuccess" duration-ms="2557" started-at="2016-02-01T09:10:54Z" finished-at="2016-02-01T09:10:57Z">
          <reporter-output>
          </reporter-output>
        </test-method> <!-- LoginSuccess -->
      </class> <!-- com.catalyst.springboot.security.LoginSeleniumTest -->
    </test> <!-- Default test -->
  </suite> <!-- Default suite -->
</testng-results>
